----------------------------------------------------------------
Mon Aug 22 14:50:56 IST 2022:
Booting Derby version The Apache Software Foundation - Apache Derby - 10.14.2.0 - (1828579): instance a816c00e-0182-c4da-e7f7-00000d0734e0 
on database directory memory:C:\Users\uzaifahmad.shaikh\eclipse-workspace\inventory\f98b36e6-c7d1-4a11-981a-d4bfcd561274 with class loader jdk.internal.loader.ClassLoaders$AppClassLoader@2aae9190 
Loaded from file:/C:/Users/uzaifahmad.shaikh/.m2/repository/org/apache/derby/derby/10.14.2.0/derby-10.14.2.0.jar
java.vendor=Eclipse Adoptium
java.runtime.version=17.0.1+12
user.dir=C:\Users\uzaifahmad.shaikh\eclipse-workspace\inventory
os.name=Windows 10
os.arch=amd64
os.version=10.0
derby.system.home=null
Database Class Loader started - derby.database.classpath=''
----------------------------------------------------------------
Mon Aug 22 15:04:54 IST 2022:
Shutting down instance a816c00e-0182-c4da-e7f7-00000d0734e0 on database directory memory:C:\Users\uzaifahmad.shaikh\eclipse-workspace\inventory\f98b36e6-c7d1-4a11-981a-d4bfcd561274 with class loader jdk.internal.loader.ClassLoaders$AppClassLoader@2aae9190 
----------------------------------------------------------------
Mon Aug 22 15:04:55 IST 2022:
Booting Derby version The Apache Software Foundation - Apache Derby - 10.14.2.0 - (1828579): instance 292a80bc-0182-c4da-e7f7-00000d0734e0 
on database directory memory:C:\Users\uzaifahmad.shaikh\eclipse-workspace\inventory\8450eac6-2e6f-4a74-bc4c-c81e1654f29e with class loader jdk.internal.loader.ClassLoaders$AppClassLoader@2aae9190 
Loaded from file:/C:/Users/uzaifahmad.shaikh/.m2/repository/org/apache/derby/derby/10.14.2.0/derby-10.14.2.0.jar
java.vendor=Eclipse Adoptium
java.runtime.version=17.0.1+12
user.dir=C:\Users\uzaifahmad.shaikh\eclipse-workspace\inventory
os.name=Windows 10
os.arch=amd64
os.version=10.0
derby.system.home=null
Database Class Loader started - derby.database.classpath=''
----------------------------------------------------------------
Mon Aug 22 15:05:00 IST 2022:
Shutting down instance 292a80bc-0182-c4da-e7f7-00000d0734e0 on database directory memory:C:\Users\uzaifahmad.shaikh\eclipse-workspace\inventory\8450eac6-2e6f-4a74-bc4c-c81e1654f29e with class loader jdk.internal.loader.ClassLoaders$AppClassLoader@2aae9190 
----------------------------------------------------------------
Mon Aug 22 15:05:01 IST 2022:
Booting Derby version The Apache Software Foundation - Apache Derby - 10.14.2.0 - (1828579): instance 771b0168-0182-c4da-e7f7-00000d0734e0 
on database directory memory:C:\Users\uzaifahmad.shaikh\eclipse-workspace\inventory\67059318-7fa7-4944-b3d1-ca6d825ddd96 with class loader jdk.internal.loader.ClassLoaders$AppClassLoader@2aae9190 
Loaded from file:/C:/Users/uzaifahmad.shaikh/.m2/repository/org/apache/derby/derby/10.14.2.0/derby-10.14.2.0.jar
java.vendor=Eclipse Adoptium
java.runtime.version=17.0.1+12
user.dir=C:\Users\uzaifahmad.shaikh\eclipse-workspace\inventory
os.name=Windows 10
os.arch=amd64
os.version=10.0
derby.system.home=null
Database Class Loader started - derby.database.classpath=''
----------------------------------------------------------------
Mon Aug 22 15:06:09 IST 2022:
Shutting down instance 771b0168-0182-c4da-e7f7-00000d0734e0 on database directory memory:C:\Users\uzaifahmad.shaikh\eclipse-workspace\inventory\67059318-7fa7-4944-b3d1-ca6d825ddd96 with class loader jdk.internal.loader.ClassLoaders$AppClassLoader@2aae9190 
----------------------------------------------------------------
Mon Aug 22 15:06:11 IST 2022:
Booting Derby version The Apache Software Foundation - Apache Derby - 10.14.2.0 - (1828579): instance e1ef8214-0182-c4da-e7f7-00000d0734e0 
on database directory memory:C:\Users\uzaifahmad.shaikh\eclipse-workspace\inventory\3317f258-7157-44b7-a2b0-5a49567defba with class loader jdk.internal.loader.ClassLoaders$AppClassLoader@2aae9190 
Loaded from file:/C:/Users/uzaifahmad.shaikh/.m2/repository/org/apache/derby/derby/10.14.2.0/derby-10.14.2.0.jar
java.vendor=Eclipse Adoptium
java.runtime.version=17.0.1+12
user.dir=C:\Users\uzaifahmad.shaikh\eclipse-workspace\inventory
os.name=Windows 10
os.arch=amd64
os.version=10.0
derby.system.home=null
Database Class Loader started - derby.database.classpath=''
----------------------------------------------------------------
Mon Aug 22 16:17:50 IST 2022:
Shutting down instance e1ef8214-0182-c4da-e7f7-00000d0734e0 on database directory memory:C:\Users\uzaifahmad.shaikh\eclipse-workspace\inventory\3317f258-7157-44b7-a2b0-5a49567defba with class loader jdk.internal.loader.ClassLoaders$AppClassLoader@2aae9190 
----------------------------------------------------------------
Mon Aug 22 16:17:52 IST 2022:
Booting Derby version The Apache Software Foundation - Apache Derby - 10.14.2.0 - (1828579): instance 58f10349-0182-c4da-e7f7-00000d0734e0 
on database directory memory:C:\Users\uzaifahmad.shaikh\eclipse-workspace\inventory\52d3482b-4ca5-4913-8b70-be30e405596f with class loader jdk.internal.loader.ClassLoaders$AppClassLoader@2aae9190 
Loaded from file:/C:/Users/uzaifahmad.shaikh/.m2/repository/org/apache/derby/derby/10.14.2.0/derby-10.14.2.0.jar
java.vendor=Eclipse Adoptium
java.runtime.version=17.0.1+12
user.dir=C:\Users\uzaifahmad.shaikh\eclipse-workspace\inventory
os.name=Windows 10
os.arch=amd64
os.version=10.0
derby.system.home=null
Database Class Loader started - derby.database.classpath=''
----------------------------------------------------------------
Mon Aug 22 16:19:36 IST 2022:
Shutting down instance 58f10349-0182-c4da-e7f7-00000d0734e0 on database directory memory:C:\Users\uzaifahmad.shaikh\eclipse-workspace\inventory\52d3482b-4ca5-4913-8b70-be30e405596f with class loader jdk.internal.loader.ClassLoaders$AppClassLoader@2aae9190 
----------------------------------------------------------------
Mon Aug 22 16:19:41 IST 2022:
Booting Derby version The Apache Software Foundation - Apache Derby - 10.14.2.0 - (1828579): instance f88703f9-0182-c4da-e7f7-00000d0734e0 
on database directory memory:C:\Users\uzaifahmad.shaikh\eclipse-workspace\inventory\93b67e74-e816-487b-ad03-b59ca3f390d7 with class loader jdk.internal.loader.ClassLoaders$AppClassLoader@2aae9190 
Loaded from file:/C:/Users/uzaifahmad.shaikh/.m2/repository/org/apache/derby/derby/10.14.2.0/derby-10.14.2.0.jar
java.vendor=Eclipse Adoptium
java.runtime.version=17.0.1+12
user.dir=C:\Users\uzaifahmad.shaikh\eclipse-workspace\inventory
os.name=Windows 10
os.arch=amd64
os.version=10.0
derby.system.home=null
Database Class Loader started - derby.database.classpath=''
----------------------------------------------------------------
Mon Aug 22 16:19:56 IST 2022:
Shutting down instance f88703f9-0182-c4da-e7f7-00000d0734e0 on database directory memory:C:\Users\uzaifahmad.shaikh\eclipse-workspace\inventory\93b67e74-e816-487b-ad03-b59ca3f390d7 with class loader jdk.internal.loader.ClassLoaders$AppClassLoader@2aae9190 
----------------------------------------------------------------
Mon Aug 22 16:19:58 IST 2022:
Booting Derby version The Apache Software Foundation - Apache Derby - 10.14.2.0 - (1828579): instance f1b684a5-0182-c4da-e7f7-00000d0734e0 
on database directory memory:C:\Users\uzaifahmad.shaikh\eclipse-workspace\inventory\c4232f08-2c9e-47e6-bbec-be2cafba3940 with class loader jdk.internal.loader.ClassLoaders$AppClassLoader@2aae9190 
Loaded from file:/C:/Users/uzaifahmad.shaikh/.m2/repository/org/apache/derby/derby/10.14.2.0/derby-10.14.2.0.jar
java.vendor=Eclipse Adoptium
java.runtime.version=17.0.1+12
user.dir=C:\Users\uzaifahmad.shaikh\eclipse-workspace\inventory
os.name=Windows 10
os.arch=amd64
os.version=10.0
derby.system.home=null
Database Class Loader started - derby.database.classpath=''
----------------------------------------------------------------
Mon Aug 22 16:20:04 IST 2022:
Shutting down instance f1b684a5-0182-c4da-e7f7-00000d0734e0 on database directory memory:C:\Users\uzaifahmad.shaikh\eclipse-workspace\inventory\c4232f08-2c9e-47e6-bbec-be2cafba3940 with class loader jdk.internal.loader.ClassLoaders$AppClassLoader@2aae9190 
----------------------------------------------------------------
Mon Aug 22 16:20:06 IST 2022:
Booting Derby version The Apache Software Foundation - Apache Derby - 10.14.2.0 - (1828579): instance 07ca0551-0182-c4da-e7f7-00000d0734e0 
on database directory memory:C:\Users\uzaifahmad.shaikh\eclipse-workspace\inventory\5718c8a2-4777-4bf5-8cf6-a77ed04c0f74 with class loader jdk.internal.loader.ClassLoaders$AppClassLoader@2aae9190 
Loaded from file:/C:/Users/uzaifahmad.shaikh/.m2/repository/org/apache/derby/derby/10.14.2.0/derby-10.14.2.0.jar
java.vendor=Eclipse Adoptium
java.runtime.version=17.0.1+12
user.dir=C:\Users\uzaifahmad.shaikh\eclipse-workspace\inventory
os.name=Windows 10
os.arch=amd64
os.version=10.0
derby.system.home=null
Database Class Loader started - derby.database.classpath=''
----------------------------------------------------------------
Mon Aug 22 16:20:58 IST 2022:
Shutting down instance 07ca0551-0182-c4da-e7f7-00000d0734e0 on database directory memory:C:\Users\uzaifahmad.shaikh\eclipse-workspace\inventory\5718c8a2-4777-4bf5-8cf6-a77ed04c0f74 with class loader jdk.internal.loader.ClassLoaders$AppClassLoader@2aae9190 
----------------------------------------------------------------
Mon Aug 22 16:21:00 IST 2022:
Booting Derby version The Apache Software Foundation - Apache Derby - 10.14.2.0 - (1828579): instance 00c00601-0182-c4da-e7f7-00000d0734e0 
on database directory memory:C:\Users\uzaifahmad.shaikh\eclipse-workspace\inventory\45d96d69-948f-4326-b446-d97c1f74914c with class loader jdk.internal.loader.ClassLoaders$AppClassLoader@2aae9190 
Loaded from file:/C:/Users/uzaifahmad.shaikh/.m2/repository/org/apache/derby/derby/10.14.2.0/derby-10.14.2.0.jar
java.vendor=Eclipse Adoptium
java.runtime.version=17.0.1+12
user.dir=C:\Users\uzaifahmad.shaikh\eclipse-workspace\inventory
os.name=Windows 10
os.arch=amd64
os.version=10.0
derby.system.home=null
Database Class Loader started - derby.database.classpath=''
----------------------------------------------------------------
Mon Aug 22 16:21:08 IST 2022:
Shutting down instance 00c00601-0182-c4da-e7f7-00000d0734e0 on database directory memory:C:\Users\uzaifahmad.shaikh\eclipse-workspace\inventory\45d96d69-948f-4326-b446-d97c1f74914c with class loader jdk.internal.loader.ClassLoaders$AppClassLoader@2aae9190 
----------------------------------------------------------------
Mon Aug 22 16:21:10 IST 2022:
Booting Derby version The Apache Software Foundation - Apache Derby - 10.14.2.0 - (1828579): instance 514786ad-0182-c4da-e7f7-00000d0734e0 
on database directory memory:C:\Users\uzaifahmad.shaikh\eclipse-workspace\inventory\29ccd685-dae0-4030-a061-7765ebed1023 with class loader jdk.internal.loader.ClassLoaders$AppClassLoader@2aae9190 
Loaded from file:/C:/Users/uzaifahmad.shaikh/.m2/repository/org/apache/derby/derby/10.14.2.0/derby-10.14.2.0.jar
java.vendor=Eclipse Adoptium
java.runtime.version=17.0.1+12
user.dir=C:\Users\uzaifahmad.shaikh\eclipse-workspace\inventory
os.name=Windows 10
os.arch=amd64
os.version=10.0
derby.system.home=null
Database Class Loader started - derby.database.classpath=''
----------------------------------------------------------------
Mon Aug 22 16:22:52 IST 2022:
Shutting down instance 514786ad-0182-c4da-e7f7-00000d0734e0 on database directory memory:C:\Users\uzaifahmad.shaikh\eclipse-workspace\inventory\29ccd685-dae0-4030-a061-7765ebed1023 with class loader jdk.internal.loader.ClassLoaders$AppClassLoader@2aae9190 
----------------------------------------------------------------
Mon Aug 22 16:22:54 IST 2022:
Booting Derby version The Apache Software Foundation - Apache Derby - 10.14.2.0 - (1828579): instance 43940760-0182-c4da-e7f7-00000d0734e0 
on database directory memory:C:\Users\uzaifahmad.shaikh\eclipse-workspace\inventory\b7f23f27-60d6-42aa-89e2-8af378803478 with class loader jdk.internal.loader.ClassLoaders$AppClassLoader@2aae9190 
Loaded from file:/C:/Users/uzaifahmad.shaikh/.m2/repository/org/apache/derby/derby/10.14.2.0/derby-10.14.2.0.jar
java.vendor=Eclipse Adoptium
java.runtime.version=17.0.1+12
user.dir=C:\Users\uzaifahmad.shaikh\eclipse-workspace\inventory
os.name=Windows 10
os.arch=amd64
os.version=10.0
derby.system.home=null
Database Class Loader started - derby.database.classpath=''
----------------------------------------------------------------
Mon Aug 22 16:22:58 IST 2022:
Shutting down instance 43940760-0182-c4da-e7f7-00000d0734e0 on database directory memory:C:\Users\uzaifahmad.shaikh\eclipse-workspace\inventory\b7f23f27-60d6-42aa-89e2-8af378803478 with class loader jdk.internal.loader.ClassLoaders$AppClassLoader@2aae9190 
----------------------------------------------------------------
Mon Aug 22 16:23:01 IST 2022:
Booting Derby version The Apache Software Foundation - Apache Derby - 10.14.2.0 - (1828579): instance af10880c-0182-c4da-e7f7-00000d0734e0 
on database directory memory:C:\Users\uzaifahmad.shaikh\eclipse-workspace\inventory\13e960b4-cab9-4acb-86f4-dbbb02cdb3bb with class loader jdk.internal.loader.ClassLoaders$AppClassLoader@2aae9190 
Loaded from file:/C:/Users/uzaifahmad.shaikh/.m2/repository/org/apache/derby/derby/10.14.2.0/derby-10.14.2.0.jar
java.vendor=Eclipse Adoptium
java.runtime.version=17.0.1+12
user.dir=C:\Users\uzaifahmad.shaikh\eclipse-workspace\inventory
os.name=Windows 10
os.arch=amd64
os.version=10.0
derby.system.home=null
Database Class Loader started - derby.database.classpath=''
----------------------------------------------------------------
Mon Aug 22 16:38:44 IST 2022:
Shutting down instance af10880c-0182-c4da-e7f7-00000d0734e0 on database directory memory:C:\Users\uzaifahmad.shaikh\eclipse-workspace\inventory\13e960b4-cab9-4acb-86f4-dbbb02cdb3bb with class loader jdk.internal.loader.ClassLoaders$AppClassLoader@2aae9190 
----------------------------------------------------------------
Mon Aug 22 16:38:46 IST 2022:
Booting Derby version The Apache Software Foundation - Apache Derby - 10.14.2.0 - (1828579): instance 2085891d-0182-c4da-e7f7-00000d0734e0 
on database directory memory:C:\Users\uzaifahmad.shaikh\eclipse-workspace\inventory\2594f0da-dc05-47f8-8182-a70b844c5a9e with class loader jdk.internal.loader.ClassLoaders$AppClassLoader@2aae9190 
Loaded from file:/C:/Users/uzaifahmad.shaikh/.m2/repository/org/apache/derby/derby/10.14.2.0/derby-10.14.2.0.jar
java.vendor=Eclipse Adoptium
java.runtime.version=17.0.1+12
user.dir=C:\Users\uzaifahmad.shaikh\eclipse-workspace\inventory
os.name=Windows 10
os.arch=amd64
os.version=10.0
derby.system.home=null
Database Class Loader started - derby.database.classpath=''
----------------------------------------------------------------
Mon Aug 22 16:47:27 IST 2022:
Shutting down instance 2085891d-0182-c4da-e7f7-00000d0734e0 on database directory memory:C:\Users\uzaifahmad.shaikh\eclipse-workspace\inventory\2594f0da-dc05-47f8-8182-a70b844c5a9e with class loader jdk.internal.loader.ClassLoaders$AppClassLoader@2aae9190 
----------------------------------------------------------------
Mon Aug 22 16:47:29 IST 2022:
Booting Derby version The Apache Software Foundation - Apache Derby - 10.14.2.0 - (1828579): instance 112589e4-0182-c4da-e7f7-00000d0734e0 
on database directory memory:C:\Users\uzaifahmad.shaikh\eclipse-workspace\inventory\9a130fd9-d91f-41a4-a279-055390ebb8d7 with class loader jdk.internal.loader.ClassLoaders$AppClassLoader@2aae9190 
Loaded from file:/C:/Users/uzaifahmad.shaikh/.m2/repository/org/apache/derby/derby/10.14.2.0/derby-10.14.2.0.jar
java.vendor=Eclipse Adoptium
java.runtime.version=17.0.1+12
user.dir=C:\Users\uzaifahmad.shaikh\eclipse-workspace\inventory
os.name=Windows 10
os.arch=amd64
os.version=10.0
derby.system.home=null
Database Class Loader started - derby.database.classpath=''
----------------------------------------------------------------
Mon Aug 22 16:47:37 IST 2022:
Shutting down instance 112589e4-0182-c4da-e7f7-00000d0734e0 on database directory memory:C:\Users\uzaifahmad.shaikh\eclipse-workspace\inventory\9a130fd9-d91f-41a4-a279-055390ebb8d7 with class loader jdk.internal.loader.ClassLoaders$AppClassLoader@2aae9190 
----------------------------------------------------------------
Mon Aug 22 16:47:38 IST 2022:
Booting Derby version The Apache Software Foundation - Apache Derby - 10.14.2.0 - (1828579): instance e8ce0a90-0182-c4da-e7f7-00000d0734e0 
on database directory memory:C:\Users\uzaifahmad.shaikh\eclipse-workspace\inventory\6a9ebfbe-8af3-4515-8ac2-25fdd7df2210 with class loader jdk.internal.loader.ClassLoaders$AppClassLoader@2aae9190 
Loaded from file:/C:/Users/uzaifahmad.shaikh/.m2/repository/org/apache/derby/derby/10.14.2.0/derby-10.14.2.0.jar
java.vendor=Eclipse Adoptium
java.runtime.version=17.0.1+12
user.dir=C:\Users\uzaifahmad.shaikh\eclipse-workspace\inventory
os.name=Windows 10
os.arch=amd64
os.version=10.0
derby.system.home=null
Database Class Loader started - derby.database.classpath=''
----------------------------------------------------------------
Mon Aug 22 16:47:47 IST 2022:
Shutting down instance e8ce0a90-0182-c4da-e7f7-00000d0734e0 on database directory memory:C:\Users\uzaifahmad.shaikh\eclipse-workspace\inventory\6a9ebfbe-8af3-4515-8ac2-25fdd7df2210 with class loader jdk.internal.loader.ClassLoaders$AppClassLoader@2aae9190 
----------------------------------------------------------------
Mon Aug 22 16:47:47 IST 2022:
Booting Derby version The Apache Software Foundation - Apache Derby - 10.14.2.0 - (1828579): instance dd5a8b3c-0182-c4da-e7f7-00000d0734e0 
on database directory memory:C:\Users\uzaifahmad.shaikh\eclipse-workspace\inventory\88be17f4-7ea9-43e8-a748-b56296ecefd1 with class loader jdk.internal.loader.ClassLoaders$AppClassLoader@2aae9190 
Loaded from file:/C:/Users/uzaifahmad.shaikh/.m2/repository/org/apache/derby/derby/10.14.2.0/derby-10.14.2.0.jar
java.vendor=Eclipse Adoptium
java.runtime.version=17.0.1+12
user.dir=C:\Users\uzaifahmad.shaikh\eclipse-workspace\inventory
os.name=Windows 10
os.arch=amd64
os.version=10.0
derby.system.home=null
Database Class Loader started - derby.database.classpath=''
